<?xml version="1.0" encoding="UTF-8"?>
<!-- Generated by org.testng.reporters.JUnitXMLReporter -->
<testsuite ignored="0" hostname="MUMTEST-YOGESH" failures="1" tests="6" name="Test" time="342.732" errors="0" timestamp="2022-02-01T14:41:53 IST">
  <testcase classname="Read_Capcha.Handle_capcha_6" name="test" time="67.842"/>
  <testcase classname="Read_Capcha.Handle_Capcha_5" name="test" time="54.366"/>
  <testcase classname="Read_Capcha.Handle_capcha_1" name="test" time="62.308"/>
  <testcase classname="Read_Capcha.Handle_Capcha_3" name="test" time="33.443"/>
  <testcase classname="Read_Capcha.Handle_Capcha_4" name="test" time="55.766"/>
  <testcase classname="Read_Capcha.Handle_Captcha_7" name="test" time="68.852">
    <failure type="org.openqa.selenium.NoSuchElementException" message="Unable to find element with locator By.xpath: //*[@id=&amp;quot;rc-imageselect-target&amp;quot;]/table/tbody/tr[4]/td[1]/div/div[1]/img
For documentation on this error, please visit: https://selenium.dev/exceptions/#no_such_element
Build info: version: &amp;apos;4.0.0&amp;apos;, revision: &amp;apos;3a21814679&amp;apos;
System info: host: &amp;apos;MUMTEST-YOGESH&amp;apos;, ip: &amp;apos;192.168.7.202&amp;apos;, os.name: &amp;apos;Windows 10&amp;apos;, os.arch: &amp;apos;amd64&amp;apos;, os.version: &amp;apos;10.0&amp;apos;, java.version: &amp;apos;11.0.13&amp;apos;
Driver info: driver.version: RemoteWebDriver">
      <![CDATA[org.openqa.selenium.NoSuchElementException: Unable to find element with locator By.xpath: //*[@id="rc-imageselect-target"]/table/tbody/tr[4]/td[1]/div/div[1]/img
For documentation on this error, please visit: https://selenium.dev/exceptions/#no_such_element
Build info: version: '4.0.0', revision: '3a21814679'
System info: host: 'MUMTEST-YOGESH', ip: '192.168.7.202', os.name: 'Windows 10', os.arch: 'amd64', os.version: '10.0', java.version: '11.0.13'
Driver info: driver.version: RemoteWebDriver
at org.openqa.selenium.remote.ElementLocation$ElementFinder$2.findElement(ElementLocation.java:165)
at org.openqa.selenium.remote.ElementLocation.findElement(ElementLocation.java:60)
at org.openqa.selenium.remote.RemoteWebDriver.findElement(RemoteWebDriver.java:383)
at org.openqa.selenium.remote.RemoteWebDriver.findElement(RemoteWebDriver.java:375)
at Read_Capcha.Handle_Captcha_7.test(Handle_Captcha_7.java:33)
at java.base/java.util.ArrayList.forEach(ArrayList.java:1541)
... Removed 36 stack frames]]>
    </failure>
  </testcase> <!-- test -->
</testsuite> <!-- Test -->
